Thu Sep 11 17:33:50 UTC 2025: 成功上传: dnSpy/v6.1.8/dnSpy-net-win64.zip
Thu Sep 11 17:38:01 UTC 2025: 成功上传: dnSpy/v6.1.8/dnSpy-net-win32.zip
Thu Sep 11 17:48:35 UTC 2025: 成功上传: dnSpy/v6.1.8/dnSpy-netframework.zip
Thu Sep 11 17:51:47 UTC 2025: 成功上传: NETReactorSlayer/v1.0.0.0/bin.zip
Thu Sep 11 18:35:23 UTC 2025: 成功同步Releases目录
Thu Sep 11 19:16:06 UTC 2025: 成功同步Releases目录
Thu Sep 11 19:22:22 UTC 2025: 成功同步Releases目录
Fri Sep 12 01:56:56 UTC 2025: 成功同步Releases目录
Fri Sep 12 02:49:04 UTC 2025: 成功同步Releases目录
Fri Sep 12 02:53:23 UTC 2025: 成功同步Releases目录
Fri Sep 12 02:59:20 UTC 2025: 成功同步Releases目录
Fri Sep 12 03:04:39 UTC 2025: 成功同步Releases目录
Fri Sep 12 03:12:54 UTC 2025: 成功同步Releases目录
Sat Sep 13 02:52:14 UTC 2025: 成功同步Releases目录
Sun Sep 14 03:06:23 UTC 2025: 成功同步Releases目录
Mon Sep 15 03:11:57 UTC 2025: 成功同步Releases目录
Mon Sep 15 14:45:19 UTC 2025: 成功同步Releases目录
Mon Sep 15 16:13:52 UTC 2025: 成功同步Releases目录
Mon Sep 15 16:16:47 UTC 2025: 成功同步Releases目录
Tue Sep 16 03:00:49 UTC 2025: 成功同步Releases目录
Wed Sep 17 02:59:56 UTC 2025: 成功同步Releases目录
Thu Sep 18 03:01:49 UTC 2025: 成功同步Releases目录
Fri Sep 19 03:08:30 UTC 2025: 成功同步Releases目录
Fri Sep 19 04:29:28 UTC 2025: 成功同步Releases目录
2025/09/19 04:38:33 [2204] building file list
2025/09/19 04:38:34 [2204] .d..t...... ./
2025/09/19 04:38:34 [2204] .d..t...... NETReactorSlayer/
2025/09/19 04:38:34 [2204] <f..t...... NETReactorSlayer/ReadMe.md
2025/09/19 04:38:34 [2204] .d..t...... OpenArk/
2025/09/19 04:38:34 [2204] <f..t...... OpenArk/ReadMe.md
2025/09/19 04:38:34 [2204] .d..t...... ScreenToGif/
2025/09/19 04:38:34 [2204] <f..t...... ScreenToGif/ReadMe.md
2025/09/19 04:38:34 [2204] .d..t...... TVBoxOSC/
2025/09/19 04:38:34 [2204] <f..t...... TVBoxOSC/ReadMe.md
2025/09/19 04:38:34 [2204] .d..t...... Ventoy/
2025/09/19 04:38:34 [2204] <f..t...... Ventoy/ReadMe.md
2025/09/19 04:38:34 [2204] .d..t...... WindTerm/
2025/09/19 04:38:34 [2204] <f..t...... WindTerm/ReadMe.md
2025/09/19 04:38:34 [2204] .d..t...... dnSpy/
2025/09/19 04:38:34 [2204] <f..t...... dnSpy/ReadMe.md
2025/09/19 04:38:34 [2204] .d..t...... fort/
2025/09/19 04:38:34 [2204] <f..t...... fort/ReadMe.md
2025/09/19 04:38:34 [2204] .d..t...... jadx/
2025/09/19 04:38:34 [2204] <f..t...... jadx/ReadMe.md
2025/09/19 04:38:34 [2204] .d..t...... notepad-plus-plus/
2025/09/19 04:38:34 [2204] <f..t...... notepad-plus-plus/ReadMe.md
2025/09/19 04:38:34 [2204] .d..t...... opentrack/
2025/09/19 04:38:34 [2204] <f..t...... opentrack/ReadMe.md
2025/09/19 04:38:34 [2204] .d..t...... x64dbg/
2025/09/19 04:38:34 [2204] <f..t...... x64dbg/ReadMe.md
2025/09/19 04:38:34 [2204] sent 1,291 bytes  received 1,139 bytes  540.00 bytes/sec
2025/09/19 04:38:34 [2204] total size is 81,610  speedup is 33.58
